<?xml version="1.0" encoding="UTF-8"?>
<!-- Generated by org.testng.reporters.JUnitReportReporter -->
<testsuite hostname="ITPL-0059" failures="0" tests="1" name="StepDefination_pack.test" time="0.109" errors="0" timestamp="2025-02-18T11:32:15 IST" skipped="0">
  <testcase classname="StepDefination_pack.test" name="test01" time="0.109"/>
</testsuite> <!-- StepDefination_pack.test -->
