<?xml version="1.0" encoding="UTF-8"?>
<!-- Generated by org.testng.reporters.JUnitReportReporter -->
<testsuite hostname="ITPL-0059" failures="0" tests="1" name="Runner_pack.Run" time="7.363" errors="0" timestamp="2025-02-18T10:45:10 IST" skipped="0">
  <testcase classname="Runner_pack.Run" name="runScenario" time="7.363"/>
</testsuite> <!-- Runner_pack.Run -->
